<?xml version="1.0" encoding="UTF-8"?>
<!-- Generated by org.testng.reporters.JUnitReportReporter -->
<testsuite skipped="0" hostname="DESKTOP-8MNMGVJ" name="samplegittest.SampleGITTest" tests="1" failures="0" timestamp="12 Sep 2018 04:53:56 GMT" time="24.493" errors="0">
  <testcase name="logintest" time="24.493" classname="samplegittest.SampleGITTest"/>
</testsuite> <!-- samplegittest.SampleGITTest -->
